Arguments: 
  /usr/bin/node /usr/bin/yarn dev

PATH: 
  /home/rodrigo/.zinit/polaris/bin:/usr/local/sbin:/usr/local/bin:/usr/sbin:/usr/bin:/sbin:/bin:/usr/games:/usr/local/games:/snap/bin:/home/rodrigo/Android/Sdk/emulator:/home/rodrigo/Android/Sdk/tools:/home/rodrigo/Android/Sdk/tools/bin:/home/rodrigo/Android/Sdk/platform-tools:/home/rodrigo/android-studio/bin:/home/rodrigo/Android/Sdk/emulator:/home/rodrigo/Android/Sdk/tools:/home/rodrigo/Android/Sdk/tools/bin:/home/rodrigo/Android/Sdk/platform-tools:/home/rodrigo/android-studio/bin

Yarn version: 
  1.22.10

Node version: 
  14.17.2

Platform: 
  linux x64

Trace: 
  SyntaxError: /home/rodrigo/projetos/NetMidia/backWJ/package.json: Unexpected token } in JSON at position 489
      at JSON.parse (<anonymous>)
      at /usr/lib/node_modules/yarn/lib/cli.js:1625:59
      at Generator.next (<anonymous>)
      at step (/usr/lib/node_modules/yarn/lib/cli.js:310:30)
      at /usr/lib/node_modules/yarn/lib/cli.js:321:13

npm manifest: 
  {
    "name": "nodesql",
    "version": "1.0.0",
    "main": "index.js",
    "license": "MIT",
    "scripts": {
      "dev": " nodemon src/server.js",
      "dbm": "sequelize db:migrate",
      "undo": "sequelize db:migrate:undo",
      "start":"node src/server.js"
    },
    "dependencies": {
      "@types/express": "^4.17.11",
      "body-parser": "^1.19.0",
      "cors": "^2.8.5",
      "crypto": "^1.0.1",
      "express": "^4.17.1",
      "jsonwebtoken": "^8.5.1",
      "mysql": "^2.18.1",
      "mysql2": "^2.2.5",
    },
    "devDependencies": {
      "@typescript-eslint/eslint-plugin": "^4.15.2",
      "@typescript-eslint/parser": "^4.15.2",
      "eslint": "^7.20.0",
      "nodemon": "^2.0.7",
      "sequelize": "^6.6.4",
      "sequelize-cli": "^6.2.0",
      "ts-node-dev": "^1.1.6",
      "typescript": "^4.2.2"
    }
  }

yarn manifest: 
  No manifest

Lockfile: 
  No lockfile
